Running: C:\Xilinx\14.7\ISE_DS\ISE\bin\nt64\unwrapped\fuse.exe -intstyle ise -incremental -o D:/hwtwo/fulladdersubtracter/testfulladdersubtracter_isim_beh.exe -prj D:/hwtwo/fulladdersubtracter/testfulladdersubtracter_beh.prj work.testfulladdersubtracter 
ISim P.20131013 (signature 0x7708f090)
Number of CPUs detected in this system: 8
Turning on mult-threading, number of parallel sub-compilation jobs: 16 
Determining compilation order of HDL files
Parsing VHDL file "D:/hwtwo/fulladdersubtracter/fulladder.vhd" into library work
Parsing VHDL file "D:/hwtwo/fulladdersubtracter/fulladdersubtracter.vhd" into library work
Parsing VHDL file "D:/hwtwo/fulladdersubtracter/testfulladdersubtracter.vhd" into library work
Starting static elaboration
Completed static elaboration
Compiling package standard
Compiling package std_logic_1164
Compiling architecture behavioral of entity fulladder [fulladder_default]
Compiling architecture behavioral of entity fulladdersubtracter [fulladdersubtracter_default]
Compiling architecture behavior of entity testfulladdersubtracter
Time Resolution for simulation is 1ps.
Waiting for 1 sub-compilation(s) to finish...
Compiled 7 VHDL Units
Built simulation executable D:/hwtwo/fulladdersubtracter/testfulladdersubtracter_isim_beh.exe
Fuse Memory Usage: 30032 KB
Fuse CPU Usage: 374 ms
