Running: C:\Xilinx\14.7\ISE_DS\ISE\bin\nt64\unwrapped\fuse.exe -intstyle ise -incremental -o D:/hw31/upcounter/testupcounter_isim_beh.exe -prj D:/hw31/upcounter/testupcounter_beh.prj work.testupcounter 
ISim P.20131013 (signature 0x7708f090)
Number of CPUs detected in this system: 8
Turning on mult-threading, number of parallel sub-compilation jobs: 16 
Determining compilation order of HDL files
Parsing VHDL file "D:/hw31/upcounter/dff.vhd" into library work
Parsing VHDL file "D:/hw31/upcounter/upcounter.vhd" into library work
Parsing VHDL file "D:/hw31/upcounter/testupcounter.vhd" into library work
Starting static elaboration
Completed static elaboration
Compiling package standard
Compiling package std_logic_1164
Compiling architecture behavioral of entity DFF [dff_default]
Compiling architecture behavioral of entity upcounter [upcounter_default]
Compiling architecture behavior of entity testupcounter
Time Resolution for simulation is 1ps.
Waiting for 1 sub-compilation(s) to finish...
Compiled 7 VHDL Units
Built simulation executable D:/hw31/upcounter/testupcounter_isim_beh.exe
Fuse Memory Usage: 30108 KB
Fuse CPU Usage: 577 ms
