Release 14.7 - xst P.20131013 (nt64)
Copyright (c) 1995-2013 Xilinx, Inc.  All rights reserved.
--> Parameter TMPDIR set to xst/projnav.tmp


Total REAL time to Xst completion: 1.00 secs
Total CPU time to Xst completion: 0.78 secs
 
--> Parameter xsthdpdir set to xst


Total REAL time to Xst completion: 1.00 secs
Total CPU time to Xst completion: 0.79 secs
 
--> Reading design: upcounter.prj

TABLE OF CONTENTS
  1) Synthesis Options Summary
  2) HDL Compilation
  3) Design Hierarchy Analysis
  4) HDL Analysis
  5) HDL Synthesis
     5.1) HDL Synthesis Report
  6) Advanced HDL Synthesis
     6.1) Advanced HDL Synthesis Report
  7) Low Level Synthesis
  8) Partition Report
  9) Final Report
	9.1) Device utilization summary
	9.2) Partition Resource Summary
	9.3) TIMING REPORT


=========================================================================
*                      Synthesis Options Summary                        *
=========================================================================
---- Source Parameters
Input File Name                    : "upcounter.prj"
Input Format                       : mixed
Ignore Synthesis Constraint File   : NO

---- Target Parameters
Output File Name                   : "upcounter"
Output Format                      : NGC
Target Device                      : xc3s50-5-pq208

---- Source Options
Top Module Name                    : upcounter
Automatic FSM Extraction           : YES
FSM Encoding Algorithm             : Auto
Safe Implementation                : No
FSM Style                          : LUT
RAM Extraction                     : Yes
RAM Style                          : Auto
ROM Extraction                     : Yes
Mux Style                          : Auto
Decoder Extraction                 : YES
Priority Encoder Extraction        : Yes
Shift Register Extraction          : YES
Logical Shifter Extraction         : YES
XOR Collapsing                     : YES
ROM Style                          : Auto
Mux Extraction                     : Yes
Resource Sharing                   : YES
Asynchronous To Synchronous        : NO
Multiplier Style                   : Auto
Automatic Register Balancing       : No

---- Target Options
Add IO Buffers                     : YES
Global Maximum Fanout              : 100000
Add Generic Clock Buffer(BUFG)     : 8
Register Duplication               : YES
Slice Packing                      : YES
Optimize Instantiated Primitives   : NO
Use Clock Enable                   : Yes
Use Synchronous Set                : Yes
Use Synchronous Reset              : Yes
Pack IO Registers into IOBs        : Auto
Equivalent register Removal        : YES

---- General Options
Optimization Goal                  : Speed
Optimization Effort                : 1
Keep Hierarchy                     : No
Netlist Hierarchy                  : As_Optimized
RTL Output                         : Yes
Global Optimization                : AllClockNets
Read Cores                         : YES
Write Timing Constraints           : NO
Cross Clock Analysis               : NO
Hierarchy Separator                : /
Bus Delimiter                      : <>
Case Specifier                     : Maintain
Slice Utilization Ratio            : 100
BRAM Utilization Ratio             : 100
Verilog 2001                       : YES
Auto BRAM Packing                  : NO
Slice Utilization Ratio Delta      : 5

=========================================================================


=========================================================================
*                          HDL Compilation                              *
=========================================================================
Compiling vhdl file "D:/hw31/upcounter/dff.vhd" in Library work.
Architecture behavioral of Entity dff is up to date.
Compiling vhdl file "D:/hw31/upcounter/upcounter.vhd" in Library work.
Entity <upcounter> compiled.
Entity <upcounter> (Architecture <behavioral>) compiled.

=========================================================================
*                     Design Hierarchy Analysis                         *
=========================================================================
Analyzing hierarchy for entity <upcounter> in library <work> (architecture <behavioral>).

Analyzing hierarchy for entity <DFF> in library <work> (architecture <behavioral>).


=========================================================================
*                            HDL Analysis                               *
=========================================================================
Analyzing Entity <upcounter> in library <work> (Architecture <behavioral>).
Entity <upcounter> analyzed. Unit <upcounter> generated.

Analyzing Entity <DFF> in library <work> (Architecture <behavioral>).
Entity <DFF> analyzed. Unit <DFF> generated.


=========================================================================
*                           HDL Synthesis                               *
=========================================================================

Performing bidirectional port resolution...

Synthesizing Unit <DFF>.
    Related source file is "D:/hw31/upcounter/dff.vhd".
    Found 1-bit register for signal <Q>.
    Found 1-bit register for signal <Q_not>.
    Summary:
	inferred   2 D-type flip-flop(s).
Unit <DFF> synthesized.


Synthesizing Unit <upcounter>.
    Related source file is "D:/hw31/upcounter/upcounter.vhd".
Unit <upcounter> synthesized.


=========================================================================
HDL Synthesis Report

Macro Statistics
# Registers                                            : 8
 1-bit register                                        : 8

=========================================================================

=========================================================================
*                       Advanced HDL Synthesis                          *
=========================================================================


=========================================================================
Advanced HDL Synthesis Report

Macro Statistics
# Registers                                            : 8
 Flip-Flops                                            : 8

=========================================================================

=========================================================================
*                         Low Level Synthesis                           *
=========================================================================

Optimizing unit <upcounter> ...

Mapping all equations...
Building and optimizing final netlist ...
Found area constraint ratio of 100 (+ 5) on block upcounter, actual ratio is 0.

Final Macro Processing ...

=========================================================================
Final Register Report

Macro Statistics
# Registers                                            : 8
 Flip-Flops                                            : 8

=========================================================================

=========================================================================
*                           Partition Report                            *
=========================================================================

Partition Implementation Status
-------------------------------

  No Partitions were found in this design.

-------------------------------

=========================================================================
*                            Final Report                               *
=========================================================================
Final Results
RTL Top Level Output File Name     : upcounter.ngr
Top Level Output File Name         : upcounter
Output Format                      : NGC
Optimization Goal                  : Speed
Keep Hierarchy                     : No

Design Statistics
# IOs                              : 6

Cell Usage :
# BELS                             : 4
#      INV                         : 4
# FlipFlops/Latches                : 8
#      FDR                         : 4
#      FDS                         : 4
# Clock Buffers                    : 1
#      BUFGP                       : 1
# IO Buffers                       : 5
#      IBUF                        : 1
#      OBUF                        : 4
=========================================================================

Device utilization summary:
---------------------------

Selected Device : 3s50pq208-5 

 Number of Slices:                        4  out of    768     0%  
 Number of Slice Flip Flops:              8  out of   1536     0%  
 Number of 4 input LUTs:                  4  out of   1536     0%  
 Number of IOs:                           6
 Number of bonded IOBs:                   6  out of    124     4%  
 Number of GCLKs:                         1  out of      8    12%  

---------------------------
Partition Resource Summary:
---------------------------

  No Partitions were found in this design.

---------------------------


=========================================================================
TIMING REPORT

NOTE: THESE TIMING NUMBERS ARE ONLY A SYNTHESIS ESTIMATE.
      FOR ACCURATE TIMING INFORMATION PLEASE REFER TO THE TRACE REPORT
      GENERATED AFTER PLACE-and-ROUTE.

Clock Information:
------------------
-----------------------------------+------------------------+-------+
Clock Signal                       | Clock buffer(FF name)  | Load  |
-----------------------------------+------------------------+-------+
DFF_inst2/Q_not                    | NONE(DFF_inst3/Q_not)  | 2     |
DFF_inst1/Q_not                    | NONE(DFF_inst2/Q_not)  | 2     |
DFF_inst0/Q_not                    | NONE(DFF_inst1/Q_not)  | 2     |
clk1                               | BUFGP                  | 2     |
-----------------------------------+------------------------+-------+
INFO:Xst:2169 - HDL ADVISOR - Some clock signals were not automatically buffered by XST with BUFG/BUFR resources. Please use the buffer_type constraint in order to insert these buffers to the clock signals to help prevent skew problems.

Asynchronous Control Signals Information:
----------------------------------------
No asynchronous control signals found in this design

Timing Summary:
---------------
Speed Grade: -5

   Minimum period: 2.741ns (Maximum Frequency: 364.790MHz)
   Minimum input arrival time before clock: 2.528ns
   Maximum output required time after clock: 6.216ns
   Maximum combinational path delay: No path found

Timing Detail:
--------------
All values displayed in nanoseconds (ns)

=========================================================================
Timing constraint: Default period analysis for Clock 'DFF_inst2/Q_not'
  Clock period: 2.707ns (frequency: 369.372MHz)
  Total number of paths / destination ports: 2 / 2
-------------------------------------------------------------------------
Delay:               2.707ns (Levels of Logic = 1)
  Source:            DFF_inst3/Q_not (FF)
  Destination:       DFF_inst3/Q_not (FF)
  Source Clock:      DFF_inst2/Q_not rising
  Destination Clock: DFF_inst2/Q_not rising

  Data Path: DFF_inst3/Q_not to DFF_inst3/Q_not
                                Gate     Net
    Cell:in->out      fanout   Delay   Delay  Logical Name (Net Name)
    ----------------------------------------  ------------
     FDS:C->Q              2   0.626   0.745  DFF_inst3/Q_not (DFF_inst3/Q_not)
     INV:I->O              1   0.479   0.681  DFF_inst3/Q_not_not00011_INV_0 (DFF_inst3/Q_not_not0001)
     FDS:D                     0.176          DFF_inst3/Q_not
    ----------------------------------------
    Total                      2.707ns (1.281ns logic, 1.426ns route)
                                       (47.3% logic, 52.7% route)

=========================================================================
Timing constraint: Default period analysis for Clock 'DFF_inst1/Q_not'
  Clock period: 2.741ns (frequency: 364.790MHz)
  Total number of paths / destination ports: 2 / 2
-------------------------------------------------------------------------
Delay:               2.741ns (Levels of Logic = 1)
  Source:            DFF_inst2/Q_not (FF)
  Destination:       DFF_inst2/Q_not (FF)
  Source Clock:      DFF_inst1/Q_not rising
  Destination Clock: DFF_inst1/Q_not rising

  Data Path: DFF_inst2/Q_not to DFF_inst2/Q_not
                                Gate     Net
    Cell:in->out      fanout   Delay   Delay  Logical Name (Net Name)
    ----------------------------------------  ------------
     FDS:C->Q              4   0.626   0.779  DFF_inst2/Q_not (DFF_inst2/Q_not)
     INV:I->O              1   0.479   0.681  DFF_inst2/Q_not_not00011_INV_0 (DFF_inst2/Q_not_not0001)
     FDS:D                     0.176          DFF_inst2/Q_not
    ----------------------------------------
    Total                      2.741ns (1.281ns logic, 1.460ns route)
                                       (46.7% logic, 53.3% route)

=========================================================================
Timing constraint: Default period analysis for Clock 'DFF_inst0/Q_not'
  Clock period: 2.741ns (frequency: 364.790MHz)
  Total number of paths / destination ports: 2 / 2
-------------------------------------------------------------------------
Delay:               2.741ns (Levels of Logic = 1)
  Source:            DFF_inst1/Q_not (FF)
  Destination:       DFF_inst1/Q_not (FF)
  Source Clock:      DFF_inst0/Q_not rising
  Destination Clock: DFF_inst0/Q_not rising

  Data Path: DFF_inst1/Q_not to DFF_inst1/Q_not
                                Gate     Net
    Cell:in->out      fanout   Delay   Delay  Logical Name (Net Name)
    ----------------------------------------  ------------
     FDS:C->Q              4   0.626   0.779  DFF_inst1/Q_not (DFF_inst1/Q_not)
     INV:I->O              1   0.479   0.681  DFF_inst1/Q_not_not00011_INV_0 (DFF_inst1/Q_not_not0001)
     FDS:D                     0.176          DFF_inst1/Q_not
    ----------------------------------------
    Total                      2.741ns (1.281ns logic, 1.460ns route)
                                       (46.7% logic, 53.3% route)

=========================================================================
Timing constraint: Default period analysis for Clock 'clk1'
  Clock period: 2.741ns (frequency: 364.790MHz)
  Total number of paths / destination ports: 2 / 2
-------------------------------------------------------------------------
Delay:               2.741ns (Levels of Logic = 1)
  Source:            DFF_inst0/Q_not (FF)
  Destination:       DFF_inst0/Q_not (FF)
  Source Clock:      clk1 rising
  Destination Clock: clk1 rising

  Data Path: DFF_inst0/Q_not to DFF_inst0/Q_not
                                Gate     Net
    Cell:in->out      fanout   Delay   Delay  Logical Name (Net Name)
    ----------------------------------------  ------------
     FDS:C->Q              4   0.626   0.779  DFF_inst0/Q_not (DFF_inst0/Q_not)
     INV:I->O              1   0.479   0.681  DFF_inst0/Q_not_not00011_INV_0 (DFF_inst0/Q_not_not0001)
     FDS:D                     0.176          DFF_inst0/Q_not
    ----------------------------------------
    Total                      2.741ns (1.281ns logic, 1.460ns route)
                                       (46.7% logic, 53.3% route)

=========================================================================
Timing constraint: Default OFFSET IN BEFORE for Clock 'DFF_inst2/Q_not'
  Total number of paths / destination ports: 2 / 2
-------------------------------------------------------------------------
Offset:              2.528ns (Levels of Logic = 1)
  Source:            reset (PAD)
  Destination:       DFF_inst3/Q_not (FF)
  Destination Clock: DFF_inst2/Q_not rising

  Data Path: reset to DFF_inst3/Q_not
                                Gate     Net
    Cell:in->out      fanout   Delay   Delay  Logical Name (Net Name)
    ----------------------------------------  ------------
     IBUF:I->O             8   0.715   0.921  reset_IBUF (reset_IBUF)
     FDR:R                     0.892          DFF_inst3/Q
    ----------------------------------------
    Total                      2.528ns (1.607ns logic, 0.921ns route)
                                       (63.6% logic, 36.4% route)

=========================================================================
Timing constraint: Default OFFSET IN BEFORE for Clock 'DFF_inst1/Q_not'
  Total number of paths / destination ports: 2 / 2
-------------------------------------------------------------------------
Offset:              2.528ns (Levels of Logic = 1)
  Source:            reset (PAD)
  Destination:       DFF_inst2/Q_not (FF)
  Destination Clock: DFF_inst1/Q_not rising

  Data Path: reset to DFF_inst2/Q_not
                                Gate     Net
    Cell:in->out      fanout   Delay   Delay  Logical Name (Net Name)
    ----------------------------------------  ------------
     IBUF:I->O             8   0.715   0.921  reset_IBUF (reset_IBUF)
     FDR:R                     0.892          DFF_inst2/Q
    ----------------------------------------
    Total                      2.528ns (1.607ns logic, 0.921ns route)
                                       (63.6% logic, 36.4% route)

=========================================================================
Timing constraint: Default OFFSET IN BEFORE for Clock 'DFF_inst0/Q_not'
  Total number of paths / destination ports: 2 / 2
-------------------------------------------------------------------------
Offset:              2.528ns (Levels of Logic = 1)
  Source:            reset (PAD)
  Destination:       DFF_inst1/Q_not (FF)
  Destination Clock: DFF_inst0/Q_not rising

  Data Path: reset to DFF_inst1/Q_not
                                Gate     Net
    Cell:in->out      fanout   Delay   Delay  Logical Name (Net Name)
    ----------------------------------------  ------------
     IBUF:I->O             8   0.715   0.921  reset_IBUF (reset_IBUF)
     FDR:R                     0.892          DFF_inst1/Q
    ----------------------------------------
    Total                      2.528ns (1.607ns logic, 0.921ns route)
                                       (63.6% logic, 36.4% route)

=========================================================================
Timing constraint: Default OFFSET IN BEFORE for Clock 'clk1'
  Total number of paths / destination ports: 2 / 2
-------------------------------------------------------------------------
Offset:              2.528ns (Levels of Logic = 1)
  Source:            reset (PAD)
  Destination:       DFF_inst0/Q_not (FF)
  Destination Clock: clk1 rising

  Data Path: reset to DFF_inst0/Q_not
                                Gate     Net
    Cell:in->out      fanout   Delay   Delay  Logical Name (Net Name)
    ----------------------------------------  ------------
     IBUF:I->O             8   0.715   0.921  reset_IBUF (reset_IBUF)
     FDR:R                     0.892          DFF_inst0/Q
    ----------------------------------------
    Total                      2.528ns (1.607ns logic, 0.921ns route)
                                       (63.6% logic, 36.4% route)

=========================================================================
Timing constraint: Default OFFSET OUT AFTER for Clock 'DFF_inst2/Q_not'
  Total number of paths / destination ports: 1 / 1
-------------------------------------------------------------------------
Offset:              6.216ns (Levels of Logic = 1)
  Source:            DFF_inst3/Q (FF)
  Destination:       q<3> (PAD)
  Source Clock:      DFF_inst2/Q_not rising

  Data Path: DFF_inst3/Q to q<3>
                                Gate     Net
    Cell:in->out      fanout   Delay   Delay  Logical Name (Net Name)
    ----------------------------------------  ------------
     FDR:C->Q              1   0.626   0.681  DFF_inst3/Q (DFF_inst3/Q)
     OBUF:I->O                 4.909          q_3_OBUF (q<3>)
    ----------------------------------------
    Total                      6.216ns (5.535ns logic, 0.681ns route)
                                       (89.0% logic, 11.0% route)

=========================================================================
Timing constraint: Default OFFSET OUT AFTER for Clock 'DFF_inst1/Q_not'
  Total number of paths / destination ports: 1 / 1
-------------------------------------------------------------------------
Offset:              6.216ns (Levels of Logic = 1)
  Source:            DFF_inst2/Q (FF)
  Destination:       q<2> (PAD)
  Source Clock:      DFF_inst1/Q_not rising

  Data Path: DFF_inst2/Q to q<2>
                                Gate     Net
    Cell:in->out      fanout   Delay   Delay  Logical Name (Net Name)
    ----------------------------------------  ------------
     FDR:C->Q              1   0.626   0.681  DFF_inst2/Q (DFF_inst2/Q)
     OBUF:I->O                 4.909          q_2_OBUF (q<2>)
    ----------------------------------------
    Total                      6.216ns (5.535ns logic, 0.681ns route)
                                       (89.0% logic, 11.0% route)

=========================================================================
Timing constraint: Default OFFSET OUT AFTER for Clock 'DFF_inst0/Q_not'
  Total number of paths / destination ports: 1 / 1
-------------------------------------------------------------------------
Offset:              6.216ns (Levels of Logic = 1)
  Source:            DFF_inst1/Q (FF)
  Destination:       q<1> (PAD)
  Source Clock:      DFF_inst0/Q_not rising

  Data Path: DFF_inst1/Q to q<1>
                                Gate     Net
    Cell:in->out      fanout   Delay   Delay  Logical Name (Net Name)
    ----------------------------------------  ------------
     FDR:C->Q              1   0.626   0.681  DFF_inst1/Q (DFF_inst1/Q)
     OBUF:I->O                 4.909          q_1_OBUF (q<1>)
    ----------------------------------------
    Total                      6.216ns (5.535ns logic, 0.681ns route)
                                       (89.0% logic, 11.0% route)

=========================================================================
Timing constraint: Default OFFSET OUT AFTER for Clock 'clk1'
  Total number of paths / destination ports: 1 / 1
-------------------------------------------------------------------------
Offset:              6.216ns (Levels of Logic = 1)
  Source:            DFF_inst0/Q (FF)
  Destination:       q<0> (PAD)
  Source Clock:      clk1 rising

  Data Path: DFF_inst0/Q to q<0>
                                Gate     Net
    Cell:in->out      fanout   Delay   Delay  Logical Name (Net Name)
    ----------------------------------------  ------------
     FDR:C->Q              1   0.626   0.681  DFF_inst0/Q (DFF_inst0/Q)
     OBUF:I->O                 4.909          q_0_OBUF (q<0>)
    ----------------------------------------
    Total                      6.216ns (5.535ns logic, 0.681ns route)
                                       (89.0% logic, 11.0% route)

=========================================================================


Total REAL time to Xst completion: 9.00 secs
Total CPU time to Xst completion: 8.60 secs
 
--> 

Total memory usage is 4505992 kilobytes

Number of errors   :    0 (   0 filtered)
Number of warnings :    0 (   0 filtered)
Number of infos    :    1 (   0 filtered)

