ISim log file
Running: D:\hwseven\sevensegment\seventestbench_isim_beh.exe -intstyle ise -gui -tclbatch isim.cmd -wdb D:/hwseven/sevensegment/seventestbench_isim_beh.wdb 
ISim P.20131013 (signature 0x7708f090)
This is a Full version of ISim.
Time resolution is 1 ps
# onerror resume
# wave add /
# run 1000 ns
Simulator is doing circuit initialization process.
Finished circuit initialization process.
# restart
# run 1.00us
Simulator is doing circuit initialization process.
Finished circuit initialization process.
# run 20.00us
# run 200.00us
# run 20000.00us
# run 2000.00us
# run 2000.00us
# restart
# run 2000.00us
Simulator is doing circuit initialization process.
Finished circuit initialization process.
# run 20000.00us
# restart
# run 20000.00us
Simulator is doing circuit initialization process.
Finished circuit initialization process.
