--------------------------------------------------------------------------------
Release 14.7 Trace  (nt64)
Copyright (c) 1995-2013 Xilinx, Inc.  All rights reserved.

C:\Xilinx\14.7\ISE_DS\ISE\bin\nt64\unwrapped\trce.exe -intstyle ise -v 3 -s 5
-n 3 -fastpaths -xml sevensegment.twx sevensegment.ncd -o sevensegment.twr
sevensegment.pcf

Design file:              sevensegment.ncd
Physical constraint file: sevensegment.pcf
Device,package,speed:     xc3s50,pq208,-5 (PRODUCTION 1.39 2013-10-13)
Report level:             verbose report

Environment Variable      Effect 
--------------------      ------ 
NONE                      No environment variables were set
--------------------------------------------------------------------------------

INFO:Timing:2698 - No timing constraints found, doing default enumeration.
INFO:Timing:3412 - To improve timing, see the Timing Closure User Guide (UG612).
INFO:Timing:2752 - To get complete path coverage, use the unconstrained paths 
   option. All paths that are not constrained will be reported in the 
   unconstrained paths section(s) of the report.
INFO:Timing:3339 - The clock-to-out numbers in this timing report are based on 
   a 50 Ohm transmission line loading model.  For the details of this model, 
   and for more information on accounting for different loading conditions, 
   please see the device datasheet.
INFO:Timing:3390 - This architecture does not support a default System Jitter 
   value, please add SYSTEM_JITTER constraint to the UCF to modify the Clock 
   Uncertainty calculation.
INFO:Timing:3389 - This architecture does not support 'Discrete Jitter' and 
   'Phase Error' calculations, these terms will be zero in the Clock 
   Uncertainty calculation.  Please make appropriate modification to 
   SYSTEM_JITTER to account for the unsupported Discrete Jitter and Phase 
   Error.



Data Sheet report:
-----------------
All values displayed in nanoseconds (ns)

Setup/Hold to clock clk
------------+------------+------------+------------------+--------+
            |Max Setup to|Max Hold to |                  | Clock  |
Source      | clk (edge) | clk (edge) |Internal Clock(s) | Phase  |
------------+------------+------------+------------------+--------+
in1<0>      |    7.182(R)|    0.549(R)|clk_BUFGP         |   0.000|
in1<1>      |    7.177(R)|   -0.393(R)|clk_BUFGP         |   0.000|
in1<2>      |    6.363(R)|   -0.025(R)|clk_BUFGP         |   0.000|
in1<3>      |    5.787(R)|   -0.001(R)|clk_BUFGP         |   0.000|
in1<4>      |    4.904(R)|    0.102(R)|clk_BUFGP         |   0.000|
in2<0>      |    7.015(R)|    0.738(R)|clk_BUFGP         |   0.000|
in2<1>      |    6.976(R)|   -0.265(R)|clk_BUFGP         |   0.000|
in2<2>      |    6.453(R)|   -0.057(R)|clk_BUFGP         |   0.000|
in2<3>      |    5.879(R)|   -0.451(R)|clk_BUFGP         |   0.000|
in2<4>      |    4.875(R)|    0.289(R)|clk_BUFGP         |   0.000|
------------+------------+------------+------------------+--------+

Clock clk to Pad
------------+------------+------------------+--------+
            | clk (edge) |                  | Clock  |
Destination |   to PAD   |Internal Clock(s) | Phase  |
------------+------------+------------------+--------+
en1         |    7.712(R)|clk_BUFGP         |   0.000|
en2         |    7.322(R)|clk_BUFGP         |   0.000|
seven<0>    |    7.699(R)|clk_BUFGP         |   0.000|
seven<1>    |    7.082(R)|clk_BUFGP         |   0.000|
seven<2>    |    7.719(R)|clk_BUFGP         |   0.000|
seven<3>    |    7.088(R)|clk_BUFGP         |   0.000|
seven<4>    |    7.082(R)|clk_BUFGP         |   0.000|
seven<5>    |    7.089(R)|clk_BUFGP         |   0.000|
seven<6>    |    7.091(R)|clk_BUFGP         |   0.000|
------------+------------+------------------+--------+

Clock to Setup on destination clock clk
---------------+---------+---------+---------+---------+
               | Src:Rise| Src:Fall| Src:Rise| Src:Fall|
Source Clock   |Dest:Rise|Dest:Rise|Dest:Fall|Dest:Fall|
---------------+---------+---------+---------+---------+
clk            |    5.328|         |         |         |
---------------+---------+---------+---------+---------+


Analysis completed Sun Dec 12 18:23:21 2021 
--------------------------------------------------------------------------------

Trace Settings:
-------------------------
Trace Settings 

Peak Memory Usage: 4474 MB



