Release 14.7 - xst P.20131013 (nt64)
Copyright (c) 1995-2013 Xilinx, Inc.  All rights reserved.
--> Parameter TMPDIR set to xst/projnav.tmp


Total REAL time to Xst completion: 1.00 secs
Total CPU time to Xst completion: 1.00 secs
 
--> Parameter xsthdpdir set to xst


Total REAL time to Xst completion: 1.00 secs
Total CPU time to Xst completion: 1.00 secs
 
--> Reading design: fa3bitanddecoderhextosevensegment.prj

TABLE OF CONTENTS
  1) Synthesis Options Summary
  2) HDL Compilation
  3) Design Hierarchy Analysis
  4) HDL Analysis
  5) HDL Synthesis
     5.1) HDL Synthesis Report
  6) Advanced HDL Synthesis
     6.1) Advanced HDL Synthesis Report
  7) Low Level Synthesis
  8) Partition Report
  9) Final Report
	9.1) Device utilization summary
	9.2) Partition Resource Summary
	9.3) TIMING REPORT


=========================================================================
*                      Synthesis Options Summary                        *
=========================================================================
---- Source Parameters
Input File Name                    : "fa3bitanddecoderhextosevensegment.prj"
Input Format                       : mixed
Ignore Synthesis Constraint File   : NO

---- Target Parameters
Output File Name                   : "fa3bitanddecoderhextosevensegment"
Output Format                      : NGC
Target Device                      : xc3s50-5-pq208

---- Source Options
Top Module Name                    : fa3bitanddecoderhextosevensegment
Automatic FSM Extraction           : YES
FSM Encoding Algorithm             : Auto
Safe Implementation                : No
FSM Style                          : LUT
RAM Extraction                     : Yes
RAM Style                          : Auto
ROM Extraction                     : Yes
Mux Style                          : Auto
Decoder Extraction                 : YES
Priority Encoder Extraction        : Yes
Shift Register Extraction          : YES
Logical Shifter Extraction         : YES
XOR Collapsing                     : YES
ROM Style                          : Auto
Mux Extraction                     : Yes
Resource Sharing                   : YES
Asynchronous To Synchronous        : NO
Multiplier Style                   : Auto
Automatic Register Balancing       : No

---- Target Options
Add IO Buffers                     : YES
Global Maximum Fanout              : 500
Add Generic Clock Buffer(BUFG)     : 8
Register Duplication               : YES
Slice Packing                      : YES
Optimize Instantiated Primitives   : NO
Use Clock Enable                   : Yes
Use Synchronous Set                : Yes
Use Synchronous Reset              : Yes
Pack IO Registers into IOBs        : Auto
Equivalent register Removal        : YES

---- General Options
Optimization Goal                  : Speed
Optimization Effort                : 1
Keep Hierarchy                     : No
Netlist Hierarchy                  : As_Optimized
RTL Output                         : Yes
Global Optimization                : AllClockNets
Read Cores                         : YES
Write Timing Constraints           : NO
Cross Clock Analysis               : NO
Hierarchy Separator                : /
Bus Delimiter                      : <>
Case Specifier                     : Maintain
Slice Utilization Ratio            : 100
BRAM Utilization Ratio             : 100
Verilog 2001                       : YES
Auto BRAM Packing                  : NO
Slice Utilization Ratio Delta      : 5

=========================================================================


=========================================================================
*                          HDL Compilation                              *
=========================================================================
Compiling vhdl file "D:/hw4/adder3bitandsevensegment/fa.vhd" in Library work.
Architecture behavioral of Entity fa is up to date.
Compiling vhdl file "D:/hw4/adder3bitandsevensegment/fa3bitanddecoderhextosevensegment.vhd" in Library work.
Entity <fa3bitanddecoderhextosevensegment> compiled.
Entity <fa3bitanddecoderhextosevensegment> (Architecture <behavioral>) compiled.

=========================================================================
*                     Design Hierarchy Analysis                         *
=========================================================================
Analyzing hierarchy for entity <fa3bitanddecoderhextosevensegment> in library <work> (architecture <behavioral>).

Analyzing hierarchy for entity <fa> in library <work> (architecture <behavioral>).


=========================================================================
*                            HDL Analysis                               *
=========================================================================
Analyzing Entity <fa3bitanddecoderhextosevensegment> in library <work> (Architecture <behavioral>).
Entity <fa3bitanddecoderhextosevensegment> analyzed. Unit <fa3bitanddecoderhextosevensegment> generated.

Analyzing Entity <fa> in library <work> (Architecture <behavioral>).
Entity <fa> analyzed. Unit <fa> generated.


=========================================================================
*                           HDL Synthesis                               *
=========================================================================

Performing bidirectional port resolution...

Synthesizing Unit <fa>.
    Related source file is "D:/hw4/adder3bitandsevensegment/fa.vhd".
    Found 1-bit xor3 for signal <S>.
    Summary:
	inferred   1 Xor(s).
Unit <fa> synthesized.


Synthesizing Unit <fa3bitanddecoderhextosevensegment>.
    Related source file is "D:/hw4/adder3bitandsevensegment/fa3bitanddecoderhextosevensegment.vhd".
    Found 16x8-bit ROM for signal <outdecoder>.
    Summary:
	inferred   1 ROM(s).
Unit <fa3bitanddecoderhextosevensegment> synthesized.


=========================================================================
HDL Synthesis Report

Macro Statistics
# ROMs                                                 : 1
 16x8-bit ROM                                          : 1
# Xors                                                 : 3
 1-bit xor3                                            : 3

=========================================================================

=========================================================================
*                       Advanced HDL Synthesis                          *
=========================================================================


=========================================================================
Advanced HDL Synthesis Report

Macro Statistics
# ROMs                                                 : 1
 16x8-bit ROM                                          : 1
# Xors                                                 : 3
 1-bit xor3                                            : 3

=========================================================================

=========================================================================
*                         Low Level Synthesis                           *
=========================================================================

Optimizing unit <fa3bitanddecoderhextosevensegment> ...

Mapping all equations...
Building and optimizing final netlist ...
Found area constraint ratio of 100 (+ 5) on block fa3bitanddecoderhextosevensegment, actual ratio is 0.

Final Macro Processing ...

=========================================================================
Final Register Report

Found no macro
=========================================================================

=========================================================================
*                           Partition Report                            *
=========================================================================

Partition Implementation Status
-------------------------------

  No Partitions were found in this design.

-------------------------------

=========================================================================
*                            Final Report                               *
=========================================================================
Final Results
RTL Top Level Output File Name     : fa3bitanddecoderhextosevensegment.ngr
Top Level Output File Name         : fa3bitanddecoderhextosevensegment
Output Format                      : NGC
Optimization Goal                  : Speed
Keep Hierarchy                     : No

Design Statistics
# IOs                              : 15

Cell Usage :
# BELS                             : 14
#      GND                         : 1
#      LUT3                        : 6
#      LUT4                        : 7
# IO Buffers                       : 15
#      IBUF                        : 7
#      OBUF                        : 8
=========================================================================

Device utilization summary:
---------------------------

Selected Device : 3s50pq208-5 

 Number of Slices:                        7  out of    768     0%  
 Number of 4 input LUTs:                 13  out of   1536     0%  
 Number of IOs:                          15
 Number of bonded IOBs:                  15  out of    124    12%  

---------------------------
Partition Resource Summary:
---------------------------

  No Partitions were found in this design.

---------------------------


=========================================================================
TIMING REPORT

NOTE: THESE TIMING NUMBERS ARE ONLY A SYNTHESIS ESTIMATE.
      FOR ACCURATE TIMING INFORMATION PLEASE REFER TO THE TRACE REPORT
      GENERATED AFTER PLACE-and-ROUTE.

Clock Information:
------------------
No clock signals found in this design

Asynchronous Control Signals Information:
----------------------------------------
No asynchronous control signals found in this design

Timing Summary:
---------------
Speed Grade: -5

   Minimum period: No path found
   Minimum input arrival time before clock: No path found
   Maximum output required time after clock: No path found
   Maximum combinational path delay: 12.293ns

Timing Detail:
--------------
All values displayed in nanoseconds (ns)

=========================================================================
Timing constraint: Default path analysis
  Total number of paths / destination ports: 154 / 7
-------------------------------------------------------------------------
Delay:               12.293ns (Levels of Logic = 6)
  Source:            B1<0> (PAD)
  Destination:       outdecoder<6> (PAD)

  Data Path: B1<0> to outdecoder<6>
                                Gate     Net
    Cell:in->out      fanout   Delay   Delay  Logical Name (Net Name)
    ----------------------------------------  ------------
     IBUF:I->O             2   0.715   1.040  B1_0_IBUF (B1_0_IBUF)
     LUT3:I0->O            2   0.479   0.915  fa_inst0/Cout1 (C<0>)
     LUT3:I1->O            2   0.479   0.915  fa_inst1/Cout1 (C<1>)
     LUT3:I1->O            7   0.479   1.201  fa_inst2/Cout1 (C<2>)
     LUT4:I0->O            1   0.479   0.681  Mrom_outdecoder41 (outdecoder_4_OBUF)
     OBUF:I->O                 4.909          outdecoder_4_OBUF (outdecoder<4>)
    ----------------------------------------
    Total                     12.293ns (7.540ns logic, 4.753ns route)
                                       (61.3% logic, 38.7% route)

=========================================================================


Total REAL time to Xst completion: 9.00 secs
Total CPU time to Xst completion: 9.68 secs
 
--> 

Total memory usage is 4506248 kilobytes

Number of errors   :    0 (   0 filtered)
Number of warnings :    0 (   0 filtered)
Number of infos    :    0 (   0 filtered)

