--------------------------------------------------------------------------------
Release 14.7 Trace  (nt64)
Copyright (c) 1995-2013 Xilinx, Inc.  All rights reserved.

C:\Xilinx\14.7\ISE_DS\ISE\bin\nt64\unwrapped\trce.exe -intstyle ise -v 3 -s 5
-n 3 -fastpaths -xml timerswitch.twx timerswitch.ncd -o timerswitch.twr
timerswitch.pcf

Design file:              timerswitch.ncd
Physical constraint file: timerswitch.pcf
Device,package,speed:     xc3s50,pq208,-5 (PRODUCTION 1.39 2013-10-13)
Report level:             verbose report

Environment Variable      Effect 
--------------------      ------ 
NONE                      No environment variables were set
--------------------------------------------------------------------------------

INFO:Timing:2698 - No timing constraints found, doing default enumeration.
INFO:Timing:3412 - To improve timing, see the Timing Closure User Guide (UG612).
INFO:Timing:2752 - To get complete path coverage, use the unconstrained paths 
   option. All paths that are not constrained will be reported in the 
   unconstrained paths section(s) of the report.
INFO:Timing:3339 - The clock-to-out numbers in this timing report are based on 
   a 50 Ohm transmission line loading model.  For the details of this model, 
   and for more information on accounting for different loading conditions, 
   please see the device datasheet.
INFO:Timing:3390 - This architecture does not support a default System Jitter 
   value, please add SYSTEM_JITTER constraint to the UCF to modify the Clock 
   Uncertainty calculation.
INFO:Timing:3389 - This architecture does not support 'Discrete Jitter' and 
   'Phase Error' calculations, these terms will be zero in the Clock 
   Uncertainty calculation.  Please make appropriate modification to 
   SYSTEM_JITTER to account for the unsupported Discrete Jitter and Phase 
   Error.



Data Sheet report:
-----------------
All values displayed in nanoseconds (ns)

Clock clk to Pad
------------+------------+------------------+--------+
            | clk (edge) |                  | Clock  |
Destination |   to PAD   |Internal Clock(s) | Phase  |
------------+------------+------------------+--------+
outmux<0>   |    8.574(R)|clk_BUFGP         |   0.000|
outmux<1>   |    9.226(R)|clk_BUFGP         |   0.000|
outmux<2>   |    8.871(R)|clk_BUFGP         |   0.000|
outmux<3>   |    9.468(R)|clk_BUFGP         |   0.000|
------------+------------+------------------+--------+

Clock to Setup on destination clock clk
---------------+---------+---------+---------+---------+
               | Src:Rise| Src:Fall| Src:Rise| Src:Fall|
Source Clock   |Dest:Rise|Dest:Rise|Dest:Fall|Dest:Fall|
---------------+---------+---------+---------+---------+
clk            |    2.636|         |         |         |
---------------+---------+---------+---------+---------+

Pad to Pad
---------------+---------------+---------+
Source Pad     |Destination Pad|  Delay  |
---------------+---------------+---------+
a<0>           |outmux<0>      |    6.831|
a<1>           |outmux<1>      |    7.678|
a<2>           |outmux<2>      |    7.133|
a<3>           |outmux<3>      |    6.604|
b<0>           |outmux<0>      |    7.079|
b<1>           |outmux<1>      |    7.303|
b<2>           |outmux<2>      |    6.675|
b<3>           |outmux<3>      |    6.565|
c<0>           |outmux<0>      |    6.721|
c<1>           |outmux<1>      |    7.429|
c<2>           |outmux<2>      |    6.939|
c<3>           |outmux<3>      |    6.889|
d<0>           |outmux<0>      |    6.552|
d<1>           |outmux<1>      |    7.260|
d<2>           |outmux<2>      |    6.758|
d<3>           |outmux<3>      |    6.561|
---------------+---------------+---------+


Analysis completed Sun Dec 12 13:02:07 2021 
--------------------------------------------------------------------------------

Trace Settings:
-------------------------
Trace Settings 

Peak Memory Usage: 4471 MB



